2025-01-08 12:59:33.004 [main] INFO  com.example.UserServiceApplication - Starting UserServiceApplication using Java 21.0.5 on LAPTOP-VLB0GC6G with PID 19616 (D:\study_file\hibiscus-recite-test\target\classes started by Lenovo in D:\study_file\hibiscus-recite-test)
2025-01-08 12:59:33.006 [main] INFO  com.example.UserServiceApplication - No active profile set, falling back to 1 default profile: "default"
2025-01-08 12:59:33.555 [main] INFO  o.s.d.r.c.RepositoryConfigurationDelegate - Multiple Spring Data modules found, entering strict repository configuration mode!
2025-01-08 12:59:33.557 [main] INFO  o.s.d.r.c.RepositoryConfigurationDelegate - Bootstrapping Spring Data Redis repositories in DEFAULT mode.
2025-01-08 12:59:33.578 [main] INFO  o.s.d.r.c.RepositoryConfigurationDelegate - Finished Spring Data repository scanning in 9 ms. Found 0 Redis repository interfaces.
2025-01-08 12:59:34.141 [main] INFO  o.s.b.w.e.tomcat.TomcatWebServer - Tomcat initialized with port(s): 8080 (http)
2025-01-08 12:59:34.149 [main] INFO  o.a.coyote.http11.Http11NioProtocol - Initializing ProtocolHandler ["http-nio-8080"]
2025-01-08 12:59:34.149 [main] INFO  o.a.catalina.core.StandardService - Starting service [Tomcat]
2025-01-08 12:59:34.149 [main] INFO  o.a.catalina.core.StandardEngine - Starting Servlet engine: [Apache Tomcat/9.0.63]
2025-01-08 12:59:34.235 [main] INFO  o.a.c.c.C.[Tomcat].[localhost].[/] - Initializing Spring embedded WebApplicationContext
2025-01-08 12:59:34.235 [main] INFO  o.s.b.w.s.c.ServletWebServerApplicationContext - Root WebApplicationContext: initialization completed in 1201 ms
2025-01-08 12:59:34.342 [main] INFO  h.c.app.auth.service.UserService - 初始化管理员用户完成
2025-01-08 12:59:34.477 [main] INFO  h.c.a.c.cache.logging.CacheLogger - CjdisServer initialized with config: hibiscus.cetide.app.component.cache.config.CacheConfig@4aa3fc9a
2025-01-08 12:59:34.478 [main] INFO  h.c.a.c.c.m.CacheMonitorService - Cache monitoring started with interval: 5 SECONDS
2025-01-08 12:59:34.478 [main] INFO  h.c.a.c.service.HibiscusCacheManager - Created new cache instance: default
2025-01-08 12:59:34.478 [main] INFO  h.c.a.c.service.HibiscusCacheManager - HibiscusCacheManager initialized with default cache instance
2025-01-08 12:59:34.489 [main] INFO  h.c.a.c.cache.logging.CacheLogger - CjdisServer initialized with config: hibiscus.cetide.app.component.cache.config.CacheConfig@25d911a
2025-01-08 12:59:34.492 [main] INFO  h.c.a.c.c.m.CacheMonitorService - Cache monitoring started with interval: 5 SECONDS
2025-01-08 12:59:34.493 [main] INFO  h.c.app.config.CacheMonitorEndpoint - CacheMonitorEndpoint initialized with 1 cache(s)
2025-01-08 12:59:34.720 [main] INFO  h.c.a.c.signal.DefaultSignalManager - Signal state loaded successfully
2025-01-08 12:59:34.720 [main] INFO  h.c.a.c.signal.DefaultSignalManager - Signal manager initialized
2025-01-08 12:59:34.843 [Finalizer] WARN  i.l.c.r.DefaultClientResources - io.lettuce.core.resource.DefaultClientResources was not shut down properly, shutdown() was not called before it's garbage-collected. Call shutdown() or shutdown(long,long,TimeUnit) 
2025-01-08 12:59:35.011 [main] INFO  org.reflections.Reflections - Reflections took 25 ms to scan 1 urls, producing 5 keys and 5 values
2025-01-08 12:59:35.016 [main] INFO  h.c.a.config.HelperAutoConfiguration -  ---------- Hibiscus Service is Starting ----------
2025-01-08 12:59:35.114 [main] INFO  o.a.coyote.http11.Http11NioProtocol - Starting ProtocolHandler ["http-nio-8080"]
2025-01-08 12:59:35.126 [main] INFO  o.s.b.w.e.tomcat.TomcatWebServer - Tomcat started on port(s): 8080 (http) with context path ''
2025-01-08 12:59:35.132 [main] INFO  h.c.app.basic.aspect.SignalAspect - Initializing SignalManager...
2025-01-08 12:59:35.132 [main] INFO  h.c.a.c.signal.DefaultSignalManager - Signal state loaded successfully
2025-01-08 12:59:35.132 [main] INFO  h.c.a.c.signal.DefaultSignalManager - Signal manager initialized
2025-01-08 12:59:35.135 [main] INFO  h.c.app.basic.aspect.SignalAspect - Signal handlers initialized successfully
2025-01-08 12:59:35.137 [main] INFO  com.example.UserServiceApplication - Started UserServiceApplication in 2.446 seconds (JVM running for 2.853)
2025-01-08 12:59:38.423 [http-nio-8080-exec-1] INFO  o.a.c.c.C.[Tomcat].[localhost].[/] - Initializing Spring DispatcherServlet 'dispatcherServlet'
2025-01-08 12:59:38.423 [http-nio-8080-exec-1] INFO  o.s.web.servlet.DispatcherServlet - Initializing Servlet 'dispatcherServlet'
2025-01-08 12:59:38.424 [http-nio-8080-exec-1] INFO  o.s.web.servlet.DispatcherServlet - Completed initialization in 1 ms
2025-01-08 12:59:44.616 [http-nio-8080-exec-3] INFO  h.c.a.c.c.HibiscusAuthController - 接收到登录请求: username=admin
2025-01-08 12:59:44.617 [http-nio-8080-exec-3] INFO  h.c.a.a.service.impl.AuthServiceImpl - 处理登录请求: username=admin
2025-01-08 12:59:44.680 [http-nio-8080-exec-3] INFO  h.c.a.a.service.impl.AuthServiceImpl - 登录成功: username=admin
2025-01-08 12:59:44.680 [http-nio-8080-exec-3] INFO  h.c.a.c.c.HibiscusAuthController - 登录成功: username=admin
2025-01-08 12:59:45.050 [http-nio-8080-exec-8] INFO  h.c.a.c.s.HibiscusDatabaseAdminService - Successfully parsed database config:
2025-01-08 12:59:45.051 [http-nio-8080-exec-8] INFO  h.c.a.c.s.HibiscusDatabaseAdminService - URL: jdbc:mysql://localhost:3306/game_db?useSSL=false&serverTimezone=UTC&allowPublicKeyRetrieval=true
2025-01-08 12:59:45.051 [http-nio-8080-exec-8] INFO  h.c.a.c.s.HibiscusDatabaseAdminService - Host: localhost
2025-01-08 12:59:45.051 [http-nio-8080-exec-8] INFO  h.c.a.c.s.HibiscusDatabaseAdminService - Port: 3306
2025-01-08 12:59:45.051 [http-nio-8080-exec-8] INFO  h.c.a.c.s.HibiscusDatabaseAdminService - Database: game_db
2025-01-08 12:59:45.051 [http-nio-8080-exec-8] INFO  h.c.a.c.s.HibiscusDatabaseAdminService - Username: root
2025-01-08 12:59:48.535 [http-nio-8080-exec-6] INFO  h.c.a.c.s.HibiscusDatabaseAdminService - Successfully parsed database config:
2025-01-08 12:59:48.535 [http-nio-8080-exec-6] INFO  h.c.a.c.s.HibiscusDatabaseAdminService - URL: jdbc:mysql://localhost:3306/game_db?useSSL=false&serverTimezone=UTC&allowPublicKeyRetrieval=true
2025-01-08 12:59:48.536 [http-nio-8080-exec-6] INFO  h.c.a.c.s.HibiscusDatabaseAdminService - Host: localhost
2025-01-08 12:59:48.536 [http-nio-8080-exec-6] INFO  h.c.a.c.s.HibiscusDatabaseAdminService - Port: 3306
2025-01-08 12:59:48.536 [http-nio-8080-exec-6] INFO  h.c.a.c.s.HibiscusDatabaseAdminService - Database: game_db
2025-01-08 12:59:48.536 [http-nio-8080-exec-6] INFO  h.c.a.c.s.HibiscusDatabaseAdminService - Username: root
2025-01-08 13:00:14.681 [http-nio-8080-exec-1] ERROR h.c.a.c.c.HibiscusGlobalExceptionHandler - Unexpected error occurred
org.springframework.web.method.annotation.MethodArgumentTypeMismatchException: Failed to convert value of type 'java.lang.String' to required type 'java.lang.Long'; nested exception is java.lang.NumberFormatException: For input string: "{id}"
	at org.springframework.web.method.annotation.AbstractNamedValueMethodArgumentResolver.resolveArgument(AbstractNamedValueMethodArgumentResolver.java:133)
	at org.springframework.web.method.support.HandlerMethodArgumentResolverComposite.resolveArgument(HandlerMethodArgumentResolverComposite.java:122)
	at org.springframework.web.method.support.InvocableHandlerMethod.getMethodArgumentValues(InvocableHandlerMethod.java:179)
	at org.springframework.web.method.support.InvocableHandlerMethod.invokeForRequest(InvocableHandlerMethod.java:146)
	at org.springframework.web.servlet.mvc.method.annotation.ServletInvocableHandlerMethod.invokeAndHandle(ServletInvocableHandlerMethod.java:117)
	at org.springframework.web.servlet.mvc.method.annotation.RequestMappingHandlerAdapter.invokeHandlerMethod(RequestMappingHandlerAdapter.java:895)
	at org.springframework.web.servlet.mvc.method.annotation.RequestMappingHandlerAdapter.handleInternal(RequestMappingHandlerAdapter.java:808)
	at org.springframework.web.servlet.mvc.method.AbstractHandlerMethodAdapter.handle(AbstractHandlerMethodAdapter.java:87)
	at org.springframework.web.servlet.DispatcherServlet.doDispatch(DispatcherServlet.java:1067)
	at org.springframework.web.servlet.DispatcherServlet.doService(DispatcherServlet.java:963)
	at org.springframework.web.servlet.FrameworkServlet.processRequest(FrameworkServlet.java:1006)
	at org.springframework.web.servlet.FrameworkServlet.doGet(FrameworkServlet.java:898)
	at javax.servlet.http.HttpServlet.service(HttpServlet.java:655)
	at org.springframework.web.servlet.FrameworkServlet.service(FrameworkServlet.java:883)
	at javax.servlet.http.HttpServlet.service(HttpServlet.java:764)
	at org.apache.catalina.core.ApplicationFilterChain.internalDoFilter(ApplicationFilterChain.java:227)
	at org.apache.catalina.core.ApplicationFilterChain.doFilter(ApplicationFilterChain.java:162)
	at org.apache.tomcat.websocket.server.WsFilter.doFilter(WsFilter.java:53)
	at org.apache.catalina.core.ApplicationFilterChain.internalDoFilter(ApplicationFilterChain.java:189)
	at org.apache.catalina.core.ApplicationFilterChain.doFilter(ApplicationFilterChain.java:162)
	at org.springframework.web.filter.RequestContextFilter.doFilterInternal(RequestContextFilter.java:100)
	at org.springframework.web.filter.OncePerRequestFilter.doFilter(OncePerRequestFilter.java:117)
	at org.apache.catalina.core.ApplicationFilterChain.internalDoFilter(ApplicationFilterChain.java:189)
	at org.apache.catalina.core.ApplicationFilterChain.doFilter(ApplicationFilterChain.java:162)
	at org.springframework.web.filter.FormContentFilter.doFilterInternal(FormContentFilter.java:93)
	at org.springframework.web.filter.OncePerRequestFilter.doFilter(OncePerRequestFilter.java:117)
	at org.apache.catalina.core.ApplicationFilterChain.internalDoFilter(ApplicationFilterChain.java:189)
	at org.apache.catalina.core.ApplicationFilterChain.doFilter(ApplicationFilterChain.java:162)
	at org.springframework.web.filter.CharacterEncodingFilter.doFilterInternal(CharacterEncodingFilter.java:201)
	at org.springframework.web.filter.OncePerRequestFilter.doFilter(OncePerRequestFilter.java:117)
	at org.apache.catalina.core.ApplicationFilterChain.internalDoFilter(ApplicationFilterChain.java:189)
	at org.apache.catalina.core.ApplicationFilterChain.doFilter(ApplicationFilterChain.java:162)
	at org.apache.catalina.core.StandardWrapperValve.invoke(StandardWrapperValve.java:197)
	at org.apache.catalina.core.StandardContextValve.invoke(StandardContextValve.java:97)
	at org.apache.catalina.authenticator.AuthenticatorBase.invoke(AuthenticatorBase.java:541)
	at org.apache.catalina.core.StandardHostValve.invoke(StandardHostValve.java:135)
	at org.apache.catalina.valves.ErrorReportValve.invoke(ErrorReportValve.java:92)
	at org.apache.catalina.core.StandardEngineValve.invoke(StandardEngineValve.java:78)
	at org.apache.catalina.connector.CoyoteAdapter.service(CoyoteAdapter.java:360)
	at org.apache.coyote.http11.Http11Processor.service(Http11Processor.java:399)
	at org.apache.coyote.AbstractProcessorLight.process(AbstractProcessorLight.java:65)
	at org.apache.coyote.AbstractProtocol$ConnectionHandler.process(AbstractProtocol.java:890)
	at org.apache.tomcat.util.net.NioEndpoint$SocketProcessor.doRun(NioEndpoint.java:1743)
	at org.apache.tomcat.util.net.SocketProcessorBase.run(SocketProcessorBase.java:49)
	at org.apache.tomcat.util.threads.ThreadPoolExecutor.runWorker(ThreadPoolExecutor.java:1191)
	at org.apache.tomcat.util.threads.ThreadPoolExecutor$Worker.run(ThreadPoolExecutor.java:659)
	at org.apache.tomcat.util.threads.TaskThread$WrappingRunnable.run(TaskThread.java:61)
	at java.base/java.lang.Thread.run(Thread.java:1583)
Caused by: java.lang.NumberFormatException: For input string: "{id}"
	at java.base/java.lang.NumberFormatException.forInputString(NumberFormatException.java:67)
	at java.base/java.lang.Long.parseLong(Long.java:709)
	at java.base/java.lang.Long.valueOf(Long.java:1157)
	at org.springframework.util.NumberUtils.parseNumber(NumberUtils.java:214)
	at org.springframework.beans.propertyeditors.CustomNumberEditor.setAsText(CustomNumberEditor.java:115)
	at org.springframework.beans.TypeConverterDelegate.doConvertTextValue(TypeConverterDelegate.java:429)
	at org.springframework.beans.TypeConverterDelegate.doConvertValue(TypeConverterDelegate.java:402)
	at org.springframework.beans.TypeConverterDelegate.convertIfNecessary(TypeConverterDelegate.java:155)
	at org.springframework.beans.TypeConverterSupport.convertIfNecessary(TypeConverterSupport.java:73)
	at org.springframework.beans.TypeConverterSupport.convertIfNecessary(TypeConverterSupport.java:53)
	at org.springframework.validation.DataBinder.convertIfNecessary(DataBinder.java:729)
	at org.springframework.web.method.annotation.AbstractNamedValueMethodArgumentResolver.resolveArgument(AbstractNamedValueMethodArgumentResolver.java:125)
	... 47 common frames omitted
2025-01-08 13:00:34.487 [pool-14-thread-1] INFO  h.c.a.c.cache.monitor.CacheMonitor - Cache Stats - Hits: 0, Misses: 0, Evictions: 0, Hit Rate: 0.00%, Avg Load Time: 0.00 ms
2025-01-08 13:00:34.501 [pool-30-thread-1] INFO  h.c.a.c.cache.monitor.CacheMonitor - Cache Stats - Hits: 0, Misses: 0, Evictions: 0, Hit Rate: 0.00%, Avg Load Time: 0.00 ms
2025-01-08 13:01:34.491 [pool-30-thread-1] INFO  h.c.a.c.cache.monitor.CacheMonitor - Cache Stats - Hits: 0, Misses: 0, Evictions: 0, Hit Rate: 0.00%, Avg Load Time: 0.00 ms
2025-01-08 13:01:34.491 [pool-14-thread-1] INFO  h.c.a.c.cache.monitor.CacheMonitor - Cache Stats - Hits: 0, Misses: 0, Evictions: 0, Hit Rate: 0.00%, Avg Load Time: 0.00 ms
2025-01-08 13:01:52.018 [http-nio-8080-exec-5] INFO  h.c.a.c.ssh.HibiscusSSHConnector - WebSocket connection established: 1242ef3a-d85f-b7ed-b804-b8bb240b0ec6
2025-01-08 13:02:34.489 [pool-30-thread-1] INFO  h.c.a.c.cache.monitor.CacheMonitor - Cache Stats - Hits: 0, Misses: 0, Evictions: 0, Hit Rate: 0.00%, Avg Load Time: 0.00 ms
2025-01-08 13:02:34.489 [pool-14-thread-1] INFO  h.c.a.c.cache.monitor.CacheMonitor - Cache Stats - Hits: 0, Misses: 0, Evictions: 0, Hit Rate: 0.00%, Avg Load Time: 0.00 ms
2025-01-08 13:03:00.056 [SpringApplicationShutdownHook] INFO  h.c.a.c.ssh.HibiscusSSHConnector - WebSocket connection closed: 1242ef3a-d85f-b7ed-b804-b8bb240b0ec6
2025-01-08 13:03:00.064 [SpringApplicationShutdownHook] INFO  h.c.a.config.HelperAutoConfiguration -  ---------- Hibiscus Service has been stopped ----------
2025-01-08 13:03:00.178 [SpringApplicationShutdownHook] INFO  h.c.a.c.c.m.CacheMonitorService - Cache monitoring stopped
2025-01-08 13:03:00.178 [SpringApplicationShutdownHook] INFO  h.c.a.component.cache.HibiscusCache - Cache service shutdown completed
2025-01-08 13:03:00.178 [SpringApplicationShutdownHook] INFO  h.c.a.c.service.HibiscusCacheManager - HibiscusCacheManager shut down
2025-01-08 13:03:02.781 [main] INFO  com.example.UserServiceApplication - Starting UserServiceApplication using Java 21.0.5 on LAPTOP-VLB0GC6G with PID 14348 (D:\study_file\hibiscus-recite-test\target\classes started by Lenovo in D:\study_file\hibiscus-recite-test)
2025-01-08 13:03:02.785 [main] INFO  com.example.UserServiceApplication - No active profile set, falling back to 1 default profile: "default"
2025-01-08 13:03:03.247 [main] INFO  o.s.d.r.c.RepositoryConfigurationDelegate - Multiple Spring Data modules found, entering strict repository configuration mode!
2025-01-08 13:03:03.248 [main] INFO  o.s.d.r.c.RepositoryConfigurationDelegate - Bootstrapping Spring Data Redis repositories in DEFAULT mode.
2025-01-08 13:03:03.264 [main] INFO  o.s.d.r.c.RepositoryConfigurationDelegate - Finished Spring Data repository scanning in 8 ms. Found 0 Redis repository interfaces.
2025-01-08 13:03:03.789 [main] INFO  o.s.b.w.e.tomcat.TomcatWebServer - Tomcat initialized with port(s): 8080 (http)
2025-01-08 13:03:03.796 [main] INFO  o.a.coyote.http11.Http11NioProtocol - Initializing ProtocolHandler ["http-nio-8080"]
2025-01-08 13:03:03.796 [main] INFO  o.a.catalina.core.StandardService - Starting service [Tomcat]
2025-01-08 13:03:03.796 [main] INFO  o.a.catalina.core.StandardEngine - Starting Servlet engine: [Apache Tomcat/9.0.63]
2025-01-08 13:03:03.895 [main] INFO  o.a.c.c.C.[Tomcat].[localhost].[/] - Initializing Spring embedded WebApplicationContext
2025-01-08 13:03:03.895 [main] INFO  o.s.b.w.s.c.ServletWebServerApplicationContext - Root WebApplicationContext: initialization completed in 1083 ms
2025-01-08 13:03:04.000 [main] INFO  h.c.app.auth.service.UserService - 初始化管理员用户完成
2025-01-08 13:03:04.131 [main] INFO  h.c.a.c.cache.logging.CacheLogger - CjdisServer initialized with config: hibiscus.cetide.app.component.cache.config.CacheConfig@64bba0eb
2025-01-08 13:03:04.131 [main] INFO  h.c.a.c.c.m.CacheMonitorService - Cache monitoring started with interval: 5 SECONDS
2025-01-08 13:03:04.132 [main] INFO  h.c.a.c.service.HibiscusCacheManager - Created new cache instance: default
2025-01-08 13:03:04.132 [main] INFO  h.c.a.c.service.HibiscusCacheManager - HibiscusCacheManager initialized with default cache instance
2025-01-08 13:03:04.140 [main] INFO  h.c.a.c.cache.logging.CacheLogger - CjdisServer initialized with config: hibiscus.cetide.app.component.cache.config.CacheConfig@7c7ed72a
2025-01-08 13:03:04.141 [main] INFO  h.c.a.c.c.m.CacheMonitorService - Cache monitoring started with interval: 5 SECONDS
2025-01-08 13:03:04.141 [main] INFO  h.c.a.c.service.HibiscusCacheManager - Created new cache instance: config_cache
2025-01-08 13:03:04.142 [main] INFO  h.c.a.c.cache.logging.CacheLogger - CjdisServer initialized with config: hibiscus.cetide.app.component.cache.config.CacheConfig@25d911a
2025-01-08 13:03:04.142 [main] INFO  h.c.a.c.c.m.CacheMonitorService - Cache monitoring started with interval: 5 SECONDS
2025-01-08 13:03:04.142 [main] INFO  h.c.a.c.service.HibiscusCacheManager - Created new cache instance: product_cache
2025-01-08 13:03:04.143 [main] INFO  h.c.a.c.cache.logging.CacheLogger - CjdisServer initialized with config: hibiscus.cetide.app.component.cache.config.CacheConfig@719c1faf
2025-01-08 13:03:04.144 [main] INFO  h.c.a.c.c.m.CacheMonitorService - Cache monitoring started with interval: 5 SECONDS
2025-01-08 13:03:04.144 [main] INFO  h.c.a.c.service.HibiscusCacheManager - Created new cache instance: user_cache
2025-01-08 13:03:04.154 [main] INFO  h.c.a.c.cache.logging.CacheLogger - CjdisServer initialized with config: hibiscus.cetide.app.component.cache.config.CacheConfig@6136e1fc
2025-01-08 13:03:04.155 [main] INFO  h.c.a.c.cache.logging.CacheLogger - CjdisServer initialized with config: hibiscus.cetide.app.component.cache.config.CacheConfig@7534785a
2025-01-08 13:03:04.156 [main] INFO  h.c.a.c.cache.logging.CacheLogger - CjdisServer initialized with config: hibiscus.cetide.app.component.cache.config.CacheConfig@d16209e
2025-01-08 13:03:04.159 [main] INFO  h.c.a.c.c.m.CacheMonitorService - Cache monitoring started with interval: 5 SECONDS
2025-01-08 13:03:04.159 [main] INFO  h.c.a.c.c.m.CacheMonitorService - Cache monitoring started with interval: 5 SECONDS
2025-01-08 13:03:04.160 [main] INFO  h.c.a.c.c.m.CacheMonitorService - Cache monitoring started with interval: 5 SECONDS
2025-01-08 13:03:04.161 [main] INFO  h.c.app.config.CacheMonitorEndpoint - CacheMonitorEndpoint initialized with 3 cache(s)
2025-01-08 13:03:04.358 [main] INFO  h.c.a.c.signal.DefaultSignalManager - Signal state loaded successfully
2025-01-08 13:03:04.359 [main] INFO  h.c.a.c.signal.DefaultSignalManager - Signal manager initialized
2025-01-08 13:03:04.626 [main] INFO  org.reflections.Reflections - Reflections took 22 ms to scan 1 urls, producing 5 keys and 5 values
2025-01-08 13:03:04.630 [main] INFO  h.c.a.config.HelperAutoConfiguration -  ---------- Hibiscus Service is Starting ----------
2025-01-08 13:03:04.739 [main] INFO  o.a.coyote.http11.Http11NioProtocol - Starting ProtocolHandler ["http-nio-8080"]
2025-01-08 13:03:04.756 [main] INFO  o.s.b.w.e.tomcat.TomcatWebServer - Tomcat started on port(s): 8080 (http) with context path ''
2025-01-08 13:03:04.762 [main] INFO  h.c.app.basic.aspect.SignalAspect - Initializing SignalManager...
2025-01-08 13:03:04.762 [main] INFO  h.c.a.c.signal.DefaultSignalManager - Signal state loaded successfully
2025-01-08 13:03:04.762 [main] INFO  h.c.a.c.signal.DefaultSignalManager - Signal manager initialized
2025-01-08 13:03:04.765 [main] INFO  h.c.app.basic.aspect.SignalAspect - Signal handlers initialized successfully
2025-01-08 13:03:04.768 [main] INFO  com.example.UserServiceApplication - Started UserServiceApplication in 2.267 seconds (JVM running for 2.649)
2025-01-08 13:03:07.822 [http-nio-8080-exec-1] INFO  o.a.c.c.C.[Tomcat].[localhost].[/] - Initializing Spring DispatcherServlet 'dispatcherServlet'
2025-01-08 13:03:07.822 [http-nio-8080-exec-1] INFO  o.s.web.servlet.DispatcherServlet - Initializing Servlet 'dispatcherServlet'
2025-01-08 13:03:07.823 [http-nio-8080-exec-1] INFO  o.s.web.servlet.DispatcherServlet - Completed initialization in 1 ms
2025-01-08 13:03:14.612 [http-nio-8080-exec-3] INFO  h.c.a.c.c.HibiscusAuthController - 接收到登录请求: username=admin
2025-01-08 13:03:14.612 [http-nio-8080-exec-3] INFO  h.c.a.a.service.impl.AuthServiceImpl - 处理登录请求: username=admin
2025-01-08 13:03:14.675 [http-nio-8080-exec-3] INFO  h.c.a.a.service.impl.AuthServiceImpl - 登录成功: username=admin
2025-01-08 13:03:14.675 [http-nio-8080-exec-3] INFO  h.c.a.c.c.HibiscusAuthController - 登录成功: username=admin
2025-01-08 13:03:15.044 [http-nio-8080-exec-9] INFO  h.c.a.c.s.HibiscusDatabaseAdminService - Successfully parsed database config:
2025-01-08 13:03:15.044 [http-nio-8080-exec-9] INFO  h.c.a.c.s.HibiscusDatabaseAdminService - URL: jdbc:mysql://localhost:3306/game_db?useSSL=false&serverTimezone=UTC&allowPublicKeyRetrieval=true
2025-01-08 13:03:15.044 [http-nio-8080-exec-9] INFO  h.c.a.c.s.HibiscusDatabaseAdminService - Host: localhost
2025-01-08 13:03:15.045 [http-nio-8080-exec-9] INFO  h.c.a.c.s.HibiscusDatabaseAdminService - Port: 3306
2025-01-08 13:03:15.045 [http-nio-8080-exec-9] INFO  h.c.a.c.s.HibiscusDatabaseAdminService - Database: game_db
2025-01-08 13:03:15.045 [http-nio-8080-exec-9] INFO  h.c.a.c.s.HibiscusDatabaseAdminService - Username: root
2025-01-08 13:03:45.279 [SpringApplicationShutdownHook] INFO  h.c.a.config.HelperAutoConfiguration -  ---------- Hibiscus Service has been stopped ----------
2025-01-08 13:03:45.436 [SpringApplicationShutdownHook] INFO  h.c.a.c.c.m.CacheMonitorService - Cache monitoring stopped
2025-01-08 13:03:45.436 [SpringApplicationShutdownHook] INFO  h.c.a.c.c.m.CacheMonitorService - Cache monitoring stopped
2025-01-08 13:03:45.437 [SpringApplicationShutdownHook] INFO  h.c.a.c.c.m.CacheMonitorService - Cache monitoring stopped
2025-01-08 13:03:45.437 [SpringApplicationShutdownHook] INFO  h.c.a.c.c.m.CacheMonitorService - Cache monitoring stopped
2025-01-08 13:03:45.438 [SpringApplicationShutdownHook] INFO  h.c.a.component.cache.HibiscusCache - Cache service shutdown completed
2025-01-08 13:03:45.438 [SpringApplicationShutdownHook] INFO  h.c.a.component.cache.HibiscusCache - Cache service shutdown completed
2025-01-08 13:03:45.439 [SpringApplicationShutdownHook] INFO  h.c.a.component.cache.HibiscusCache - Cache service shutdown completed
2025-01-08 13:03:45.439 [SpringApplicationShutdownHook] INFO  h.c.a.component.cache.HibiscusCache - Cache service shutdown completed
2025-01-08 13:03:45.439 [SpringApplicationShutdownHook] INFO  h.c.a.c.service.HibiscusCacheManager - HibiscusCacheManager shut down
2025-01-08 13:45:45.491 [main] INFO  com.example.UserServiceApplication - Starting UserServiceApplication using Java 21.0.5 on LAPTOP-VLB0GC6G with PID 20464 (D:\study_file\hibiscus-recite-test\target\classes started by Lenovo in D:\study_file\hibiscus-recite-test)
2025-01-08 13:45:45.493 [main] INFO  com.example.UserServiceApplication - No active profile set, falling back to 1 default profile: "default"
2025-01-08 13:45:45.968 [main] INFO  o.s.d.r.c.RepositoryConfigurationDelegate - Multiple Spring Data modules found, entering strict repository configuration mode!
2025-01-08 13:45:45.970 [main] INFO  o.s.d.r.c.RepositoryConfigurationDelegate - Bootstrapping Spring Data Redis repositories in DEFAULT mode.
2025-01-08 13:45:45.987 [main] INFO  o.s.d.r.c.RepositoryConfigurationDelegate - Finished Spring Data repository scanning in 8 ms. Found 0 Redis repository interfaces.
2025-01-08 13:45:46.490 [main] INFO  o.s.b.w.e.tomcat.TomcatWebServer - Tomcat initialized with port(s): 8080 (http)
2025-01-08 13:45:46.496 [main] INFO  o.a.coyote.http11.Http11NioProtocol - Initializing ProtocolHandler ["http-nio-8080"]
2025-01-08 13:45:46.497 [main] INFO  o.a.catalina.core.StandardService - Starting service [Tomcat]
2025-01-08 13:45:46.497 [main] INFO  o.a.catalina.core.StandardEngine - Starting Servlet engine: [Apache Tomcat/9.0.63]
2025-01-08 13:45:46.576 [main] INFO  o.a.c.c.C.[Tomcat].[localhost].[/] - Initializing Spring embedded WebApplicationContext
2025-01-08 13:45:46.576 [main] INFO  o.s.b.w.s.c.ServletWebServerApplicationContext - Root WebApplicationContext: initialization completed in 1054 ms
2025-01-08 13:45:46.789 [main] INFO  h.c.a.c.cache.logging.CacheLogger - CjdisServer initialized with config: hibiscus.cetide.app.component.cache.config.CacheConfig@50778bde
2025-01-08 13:45:46.789 [main] INFO  h.c.a.c.c.m.CacheMonitorService - Cache monitoring started with interval: 5 SECONDS
2025-01-08 13:45:46.790 [main] INFO  h.c.a.c.service.HibiscusCacheManager - Created new cache instance: default
2025-01-08 13:45:46.790 [main] INFO  h.c.a.c.service.HibiscusCacheManager - HibiscusCacheManager initialized with default cache instance
2025-01-08 13:45:46.800 [main] INFO  h.c.a.c.cache.logging.CacheLogger - CjdisServer initialized with config: hibiscus.cetide.app.component.cache.config.CacheConfig@36b53f08
2025-01-08 13:45:46.800 [main] INFO  h.c.a.c.c.m.CacheMonitorService - Cache monitoring started with interval: 5 SECONDS
2025-01-08 13:45:46.800 [main] INFO  h.c.a.c.service.HibiscusCacheManager - Created new cache instance: config_cache
2025-01-08 13:45:46.801 [main] INFO  h.c.a.c.cache.logging.CacheLogger - CjdisServer initialized with config: hibiscus.cetide.app.component.cache.config.CacheConfig@3b8507df
2025-01-08 13:45:46.802 [main] INFO  h.c.a.c.c.m.CacheMonitorService - Cache monitoring started with interval: 5 SECONDS
2025-01-08 13:45:46.802 [main] INFO  h.c.a.c.service.HibiscusCacheManager - Created new cache instance: product_cache
2025-01-08 13:45:46.803 [main] INFO  h.c.a.c.cache.logging.CacheLogger - CjdisServer initialized with config: hibiscus.cetide.app.component.cache.config.CacheConfig@79d63a4f
2025-01-08 13:45:46.804 [main] INFO  h.c.a.c.c.m.CacheMonitorService - Cache monitoring started with interval: 5 SECONDS
2025-01-08 13:45:46.804 [main] INFO  h.c.a.c.service.HibiscusCacheManager - Created new cache instance: user_cache
2025-01-08 13:45:46.815 [main] INFO  h.c.a.c.cache.logging.CacheLogger - CjdisServer initialized with config: hibiscus.cetide.app.component.cache.config.CacheConfig@141aba65
2025-01-08 13:45:46.816 [main] INFO  h.c.a.c.cache.logging.CacheLogger - CjdisServer initialized with config: hibiscus.cetide.app.component.cache.config.CacheConfig@6ef1c3f7
2025-01-08 13:45:46.818 [main] INFO  h.c.a.c.cache.logging.CacheLogger - CjdisServer initialized with config: hibiscus.cetide.app.component.cache.config.CacheConfig@45d389f2
2025-01-08 13:45:46.822 [main] INFO  h.c.a.c.c.m.CacheMonitorService - Cache monitoring started with interval: 5 SECONDS
2025-01-08 13:45:46.822 [main] INFO  h.c.a.c.c.m.CacheMonitorService - Cache monitoring started with interval: 5 SECONDS
2025-01-08 13:45:46.822 [main] INFO  h.c.a.c.c.m.CacheMonitorService - Cache monitoring started with interval: 5 SECONDS
2025-01-08 13:45:46.823 [main] INFO  h.c.app.config.CacheMonitorEndpoint - CacheMonitorEndpoint initialized with 3 cache(s)
2025-01-08 13:45:47.014 [main] INFO  h.c.a.c.signal.DefaultSignalManager - Signal state loaded successfully
2025-01-08 13:45:47.014 [main] INFO  h.c.a.c.signal.DefaultSignalManager - Signal manager initialized
2025-01-08 13:45:47.040 [main] INFO  h.c.app.core.service.UserService - 初始化管理员用户完成
2025-01-08 13:45:47.083 [Finalizer] WARN  i.l.c.r.DefaultClientResources - io.lettuce.core.resource.DefaultClientResources was not shut down properly, shutdown() was not called before it's garbage-collected. Call shutdown() or shutdown(long,long,TimeUnit) 
2025-01-08 13:45:47.336 [main] INFO  org.reflections.Reflections - Reflections took 56 ms to scan 1 urls, producing 20 keys and 99 values
2025-01-08 13:45:47.339 [main] INFO  h.c.a.config.HelperAutoConfiguration -  ---------- Hibiscus Service is Starting ----------
2025-01-08 13:45:47.444 [main] INFO  o.a.coyote.http11.Http11NioProtocol - Starting ProtocolHandler ["http-nio-8080"]
2025-01-08 13:45:47.456 [main] INFO  o.s.b.w.e.tomcat.TomcatWebServer - Tomcat started on port(s): 8080 (http) with context path ''
2025-01-08 13:45:47.462 [main] INFO  h.c.app.basic.aspect.SignalAspect - Initializing SignalManager...
2025-01-08 13:45:47.462 [main] INFO  h.c.a.c.signal.DefaultSignalManager - Signal state loaded successfully
2025-01-08 13:45:47.462 [main] INFO  h.c.a.c.signal.DefaultSignalManager - Signal manager initialized
2025-01-08 13:45:47.465 [main] INFO  h.c.app.basic.aspect.SignalAspect - Signal handlers initialized successfully
2025-01-08 13:45:47.467 [main] INFO  com.example.UserServiceApplication - Started UserServiceApplication in 2.261 seconds (JVM running for 2.633)
2025-01-08 13:45:49.876 [http-nio-8080-exec-1] INFO  o.a.c.c.C.[Tomcat].[localhost].[/] - Initializing Spring DispatcherServlet 'dispatcherServlet'
2025-01-08 13:45:49.876 [http-nio-8080-exec-1] INFO  o.s.web.servlet.DispatcherServlet - Initializing Servlet 'dispatcherServlet'
2025-01-08 13:45:49.877 [http-nio-8080-exec-1] INFO  o.s.web.servlet.DispatcherServlet - Completed initialization in 1 ms
2025-01-08 13:45:55.740 [http-nio-8080-exec-4] INFO  h.c.a.c.service.impl.AuthServiceImpl - 登录成功: username=admin
2025-01-08 13:45:56.020 [http-nio-8080-exec-8] INFO  h.c.a.c.s.HibiscusDatabaseAdminService - Successfully parsed database config:
2025-01-08 13:45:56.020 [http-nio-8080-exec-8] INFO  h.c.a.c.s.HibiscusDatabaseAdminService - URL: jdbc:mysql://localhost:3306/game_db?useSSL=false&serverTimezone=UTC&allowPublicKeyRetrieval=true
2025-01-08 13:45:56.020 [http-nio-8080-exec-8] INFO  h.c.a.c.s.HibiscusDatabaseAdminService - Host: localhost
2025-01-08 13:45:56.020 [http-nio-8080-exec-8] INFO  h.c.a.c.s.HibiscusDatabaseAdminService - Port: 3306
2025-01-08 13:45:56.021 [http-nio-8080-exec-8] INFO  h.c.a.c.s.HibiscusDatabaseAdminService - Database: game_db
2025-01-08 13:45:56.021 [http-nio-8080-exec-8] INFO  h.c.a.c.s.HibiscusDatabaseAdminService - Username: root
2025-01-08 13:46:13.362 [http-nio-8080-exec-10] INFO  h.c.a.c.service.impl.AuthServiceImpl - 登录成功: username=dev
2025-01-08 13:46:13.539 [http-nio-8080-exec-5] INFO  h.c.a.c.s.HibiscusDatabaseAdminService - Successfully parsed database config:
2025-01-08 13:46:13.539 [http-nio-8080-exec-5] INFO  h.c.a.c.s.HibiscusDatabaseAdminService - URL: jdbc:mysql://localhost:3306/game_db?useSSL=false&serverTimezone=UTC&allowPublicKeyRetrieval=true
2025-01-08 13:46:13.539 [http-nio-8080-exec-5] INFO  h.c.a.c.s.HibiscusDatabaseAdminService - Host: localhost
2025-01-08 13:46:13.540 [http-nio-8080-exec-5] INFO  h.c.a.c.s.HibiscusDatabaseAdminService - Port: 3306
2025-01-08 13:46:13.540 [http-nio-8080-exec-5] INFO  h.c.a.c.s.HibiscusDatabaseAdminService - Database: game_db
2025-01-08 13:46:13.540 [http-nio-8080-exec-5] INFO  h.c.a.c.s.HibiscusDatabaseAdminService - Username: root
2025-01-08 13:46:15.527 [http-nio-8080-exec-7] INFO  h.c.a.c.s.HibiscusDatabaseAdminService - Successfully parsed database config:
2025-01-08 13:46:15.528 [http-nio-8080-exec-7] INFO  h.c.a.c.s.HibiscusDatabaseAdminService - URL: jdbc:mysql://localhost:3306/game_db?useSSL=false&serverTimezone=UTC&allowPublicKeyRetrieval=true
2025-01-08 13:46:15.528 [http-nio-8080-exec-7] INFO  h.c.a.c.s.HibiscusDatabaseAdminService - Host: localhost
2025-01-08 13:46:15.528 [http-nio-8080-exec-7] INFO  h.c.a.c.s.HibiscusDatabaseAdminService - Port: 3306
2025-01-08 13:46:15.528 [http-nio-8080-exec-7] INFO  h.c.a.c.s.HibiscusDatabaseAdminService - Database: game_db
2025-01-08 13:46:15.528 [http-nio-8080-exec-7] INFO  h.c.a.c.s.HibiscusDatabaseAdminService - Username: root
2025-01-08 13:46:37.634 [SpringApplicationShutdownHook] INFO  h.c.a.config.HelperAutoConfiguration -  ---------- Hibiscus Service has been stopped ----------
2025-01-08 13:46:37.742 [SpringApplicationShutdownHook] INFO  h.c.a.c.c.m.CacheMonitorService - Cache monitoring stopped
2025-01-08 13:46:37.742 [SpringApplicationShutdownHook] INFO  h.c.a.c.c.m.CacheMonitorService - Cache monitoring stopped
2025-01-08 13:46:37.742 [SpringApplicationShutdownHook] INFO  h.c.a.c.c.m.CacheMonitorService - Cache monitoring stopped
2025-01-08 13:46:37.742 [SpringApplicationShutdownHook] INFO  h.c.a.c.c.m.CacheMonitorService - Cache monitoring stopped
2025-01-08 13:46:37.742 [SpringApplicationShutdownHook] INFO  h.c.a.component.cache.HibiscusCache - Cache service shutdown completed
2025-01-08 13:46:37.742 [SpringApplicationShutdownHook] INFO  h.c.a.component.cache.HibiscusCache - Cache service shutdown completed
2025-01-08 13:46:37.742 [SpringApplicationShutdownHook] INFO  h.c.a.component.cache.HibiscusCache - Cache service shutdown completed
2025-01-08 13:46:37.743 [SpringApplicationShutdownHook] INFO  h.c.a.component.cache.HibiscusCache - Cache service shutdown completed
2025-01-08 13:46:37.743 [SpringApplicationShutdownHook] INFO  h.c.a.c.service.HibiscusCacheManager - HibiscusCacheManager shut down
2025-01-08 13:46:40.411 [main] INFO  com.example.UserServiceApplication - Starting UserServiceApplication using Java 21.0.5 on LAPTOP-VLB0GC6G with PID 18376 (D:\study_file\hibiscus-recite-test\target\classes started by Lenovo in D:\study_file\hibiscus-recite-test)
2025-01-08 13:46:40.413 [main] INFO  com.example.UserServiceApplication - No active profile set, falling back to 1 default profile: "default"
2025-01-08 13:46:40.909 [main] INFO  o.s.d.r.c.RepositoryConfigurationDelegate - Multiple Spring Data modules found, entering strict repository configuration mode!
2025-01-08 13:46:40.911 [main] INFO  o.s.d.r.c.RepositoryConfigurationDelegate - Bootstrapping Spring Data Redis repositories in DEFAULT mode.
2025-01-08 13:46:40.928 [main] INFO  o.s.d.r.c.RepositoryConfigurationDelegate - Finished Spring Data repository scanning in 8 ms. Found 0 Redis repository interfaces.
2025-01-08 13:46:41.416 [main] INFO  o.s.b.w.e.tomcat.TomcatWebServer - Tomcat initialized with port(s): 8080 (http)
2025-01-08 13:46:41.422 [main] INFO  o.a.coyote.http11.Http11NioProtocol - Initializing ProtocolHandler ["http-nio-8080"]
2025-01-08 13:46:41.423 [main] INFO  o.a.catalina.core.StandardService - Starting service [Tomcat]
2025-01-08 13:46:41.423 [main] INFO  o.a.catalina.core.StandardEngine - Starting Servlet engine: [Apache Tomcat/9.0.63]
2025-01-08 13:46:41.520 [main] INFO  o.a.c.c.C.[Tomcat].[localhost].[/] - Initializing Spring embedded WebApplicationContext
2025-01-08 13:46:41.521 [main] INFO  o.s.b.w.s.c.ServletWebServerApplicationContext - Root WebApplicationContext: initialization completed in 1082 ms
2025-01-08 13:46:41.727 [main] INFO  h.c.a.c.cache.logging.CacheLogger - CjdisServer initialized with config: hibiscus.cetide.app.component.cache.config.CacheConfig@50778bde
2025-01-08 13:46:41.727 [main] INFO  h.c.a.c.c.m.CacheMonitorService - Cache monitoring started with interval: 5 SECONDS
2025-01-08 13:46:41.728 [main] INFO  h.c.a.c.service.HibiscusCacheManager - Created new cache instance: default
2025-01-08 13:46:41.728 [main] INFO  h.c.a.c.service.HibiscusCacheManager - HibiscusCacheManager initialized with default cache instance
2025-01-08 13:46:41.737 [main] INFO  h.c.a.c.cache.logging.CacheLogger - CjdisServer initialized with config: hibiscus.cetide.app.component.cache.config.CacheConfig@36b53f08
2025-01-08 13:46:41.737 [main] INFO  h.c.a.c.c.m.CacheMonitorService - Cache monitoring started with interval: 5 SECONDS
2025-01-08 13:46:41.737 [main] INFO  h.c.a.c.service.HibiscusCacheManager - Created new cache instance: config_cache
2025-01-08 13:46:41.739 [main] INFO  h.c.a.c.cache.logging.CacheLogger - CjdisServer initialized with config: hibiscus.cetide.app.component.cache.config.CacheConfig@3b8507df
2025-01-08 13:46:41.739 [main] INFO  h.c.a.c.c.m.CacheMonitorService - Cache monitoring started with interval: 5 SECONDS
2025-01-08 13:46:41.739 [main] INFO  h.c.a.c.service.HibiscusCacheManager - Created new cache instance: product_cache
2025-01-08 13:46:41.740 [main] INFO  h.c.a.c.cache.logging.CacheLogger - CjdisServer initialized with config: hibiscus.cetide.app.component.cache.config.CacheConfig@79d63a4f
2025-01-08 13:46:41.741 [main] INFO  h.c.a.c.c.m.CacheMonitorService - Cache monitoring started with interval: 5 SECONDS
2025-01-08 13:46:41.741 [main] INFO  h.c.a.c.service.HibiscusCacheManager - Created new cache instance: user_cache
2025-01-08 13:46:41.752 [main] INFO  h.c.a.c.cache.logging.CacheLogger - CjdisServer initialized with config: hibiscus.cetide.app.component.cache.config.CacheConfig@141aba65
2025-01-08 13:46:41.753 [main] INFO  h.c.a.c.cache.logging.CacheLogger - CjdisServer initialized with config: hibiscus.cetide.app.component.cache.config.CacheConfig@6ef1c3f7
2025-01-08 13:46:41.754 [main] INFO  h.c.a.c.cache.logging.CacheLogger - CjdisServer initialized with config: hibiscus.cetide.app.component.cache.config.CacheConfig@45d389f2
2025-01-08 13:46:41.758 [main] INFO  h.c.a.c.c.m.CacheMonitorService - Cache monitoring started with interval: 5 SECONDS
2025-01-08 13:46:41.758 [main] INFO  h.c.a.c.c.m.CacheMonitorService - Cache monitoring started with interval: 5 SECONDS
2025-01-08 13:46:41.758 [main] INFO  h.c.a.c.c.m.CacheMonitorService - Cache monitoring started with interval: 5 SECONDS
2025-01-08 13:46:41.759 [main] INFO  h.c.app.config.CacheMonitorEndpoint - CacheMonitorEndpoint initialized with 3 cache(s)
2025-01-08 13:46:41.946 [main] INFO  h.c.a.c.signal.DefaultSignalManager - Signal state loaded successfully
2025-01-08 13:46:41.947 [main] INFO  h.c.a.c.signal.DefaultSignalManager - Signal manager initialized
2025-01-08 13:46:41.974 [main] INFO  h.c.app.core.service.UserService - 初始化管理员用户完成
2025-01-08 13:46:42.250 [main] INFO  org.reflections.Reflections - Reflections took 36 ms to scan 1 urls, producing 20 keys and 99 values
2025-01-08 13:46:42.252 [main] INFO  h.c.a.config.HelperAutoConfiguration -  ---------- Hibiscus Service is Starting ----------
2025-01-08 13:46:42.350 [main] INFO  o.a.coyote.http11.Http11NioProtocol - Starting ProtocolHandler ["http-nio-8080"]
2025-01-08 13:46:42.366 [main] INFO  o.s.b.w.e.tomcat.TomcatWebServer - Tomcat started on port(s): 8080 (http) with context path ''
2025-01-08 13:46:42.371 [main] INFO  h.c.app.basic.aspect.SignalAspect - Initializing SignalManager...
2025-01-08 13:46:42.372 [main] INFO  h.c.a.c.signal.DefaultSignalManager - Signal state loaded successfully
2025-01-08 13:46:42.372 [main] INFO  h.c.a.c.signal.DefaultSignalManager - Signal manager initialized
2025-01-08 13:46:42.375 [main] INFO  h.c.app.basic.aspect.SignalAspect - Signal handlers initialized successfully
2025-01-08 13:46:42.377 [main] INFO  com.example.UserServiceApplication - Started UserServiceApplication in 2.257 seconds (JVM running for 2.638)
2025-01-08 13:46:47.331 [http-nio-8080-exec-1] INFO  o.a.c.c.C.[Tomcat].[localhost].[/] - Initializing Spring DispatcherServlet 'dispatcherServlet'
2025-01-08 13:46:47.331 [http-nio-8080-exec-1] INFO  o.s.web.servlet.DispatcherServlet - Initializing Servlet 'dispatcherServlet'
2025-01-08 13:46:47.331 [http-nio-8080-exec-1] INFO  o.s.web.servlet.DispatcherServlet - Completed initialization in 0 ms
2025-01-08 13:47:32.943 [SpringApplicationShutdownHook] INFO  h.c.a.config.HelperAutoConfiguration -  ---------- Hibiscus Service has been stopped ----------
2025-01-08 13:47:33.053 [SpringApplicationShutdownHook] INFO  h.c.a.c.c.m.CacheMonitorService - Cache monitoring stopped
2025-01-08 13:47:33.054 [SpringApplicationShutdownHook] INFO  h.c.a.c.c.m.CacheMonitorService - Cache monitoring stopped
2025-01-08 13:47:33.054 [SpringApplicationShutdownHook] INFO  h.c.a.c.c.m.CacheMonitorService - Cache monitoring stopped
2025-01-08 13:47:33.054 [SpringApplicationShutdownHook] INFO  h.c.a.c.c.m.CacheMonitorService - Cache monitoring stopped
2025-01-08 13:47:33.054 [SpringApplicationShutdownHook] INFO  h.c.a.component.cache.HibiscusCache - Cache service shutdown completed
2025-01-08 13:47:33.054 [SpringApplicationShutdownHook] INFO  h.c.a.component.cache.HibiscusCache - Cache service shutdown completed
2025-01-08 13:47:33.054 [SpringApplicationShutdownHook] INFO  h.c.a.component.cache.HibiscusCache - Cache service shutdown completed
2025-01-08 13:47:33.054 [SpringApplicationShutdownHook] INFO  h.c.a.component.cache.HibiscusCache - Cache service shutdown completed
2025-01-08 13:47:33.054 [SpringApplicationShutdownHook] INFO  h.c.a.c.service.HibiscusCacheManager - HibiscusCacheManager shut down
2025-01-08 13:47:37.087 [main] INFO  com.example.UserServiceApplication - Starting UserServiceApplication using Java 21.0.5 on LAPTOP-VLB0GC6G with PID 22736 (D:\study_file\hibiscus-recite-test\target\classes started by Lenovo in D:\study_file\hibiscus-recite-test)
2025-01-08 13:47:37.088 [main] INFO  com.example.UserServiceApplication - No active profile set, falling back to 1 default profile: "default"
2025-01-08 13:47:37.561 [main] INFO  o.s.d.r.c.RepositoryConfigurationDelegate - Multiple Spring Data modules found, entering strict repository configuration mode!
2025-01-08 13:47:37.563 [main] INFO  o.s.d.r.c.RepositoryConfigurationDelegate - Bootstrapping Spring Data Redis repositories in DEFAULT mode.
2025-01-08 13:47:37.579 [main] INFO  o.s.d.r.c.RepositoryConfigurationDelegate - Finished Spring Data repository scanning in 8 ms. Found 0 Redis repository interfaces.
2025-01-08 13:47:38.079 [main] INFO  o.s.b.w.e.tomcat.TomcatWebServer - Tomcat initialized with port(s): 8080 (http)
2025-01-08 13:47:38.084 [main] INFO  o.a.coyote.http11.Http11NioProtocol - Initializing ProtocolHandler ["http-nio-8080"]
2025-01-08 13:47:38.085 [main] INFO  o.a.catalina.core.StandardService - Starting service [Tomcat]
2025-01-08 13:47:38.085 [main] INFO  o.a.catalina.core.StandardEngine - Starting Servlet engine: [Apache Tomcat/9.0.63]
2025-01-08 13:47:38.162 [main] INFO  o.a.c.c.C.[Tomcat].[localhost].[/] - Initializing Spring embedded WebApplicationContext
2025-01-08 13:47:38.162 [main] INFO  o.s.b.w.s.c.ServletWebServerApplicationContext - Root WebApplicationContext: initialization completed in 1047 ms
2025-01-08 13:47:38.371 [main] INFO  h.c.a.c.cache.logging.CacheLogger - CjdisServer initialized with config: hibiscus.cetide.app.component.cache.config.CacheConfig@50778bde
2025-01-08 13:47:38.371 [main] INFO  h.c.a.c.c.m.CacheMonitorService - Cache monitoring started with interval: 5 SECONDS
2025-01-08 13:47:38.372 [main] INFO  h.c.a.c.service.HibiscusCacheManager - Created new cache instance: default
2025-01-08 13:47:38.372 [main] INFO  h.c.a.c.service.HibiscusCacheManager - HibiscusCacheManager initialized with default cache instance
2025-01-08 13:47:38.380 [main] INFO  h.c.a.c.cache.logging.CacheLogger - CjdisServer initialized with config: hibiscus.cetide.app.component.cache.config.CacheConfig@36b53f08
2025-01-08 13:47:38.380 [main] INFO  h.c.a.c.c.m.CacheMonitorService - Cache monitoring started with interval: 5 SECONDS
2025-01-08 13:47:38.380 [main] INFO  h.c.a.c.service.HibiscusCacheManager - Created new cache instance: config_cache
2025-01-08 13:47:38.381 [main] INFO  h.c.a.c.cache.logging.CacheLogger - CjdisServer initialized with config: hibiscus.cetide.app.component.cache.config.CacheConfig@3b8507df
2025-01-08 13:47:38.382 [main] INFO  h.c.a.c.c.m.CacheMonitorService - Cache monitoring started with interval: 5 SECONDS
2025-01-08 13:47:38.382 [main] INFO  h.c.a.c.service.HibiscusCacheManager - Created new cache instance: product_cache
2025-01-08 13:47:38.383 [main] INFO  h.c.a.c.cache.logging.CacheLogger - CjdisServer initialized with config: hibiscus.cetide.app.component.cache.config.CacheConfig@79d63a4f
2025-01-08 13:47:38.383 [main] INFO  h.c.a.c.c.m.CacheMonitorService - Cache monitoring started with interval: 5 SECONDS
2025-01-08 13:47:38.383 [main] INFO  h.c.a.c.service.HibiscusCacheManager - Created new cache instance: user_cache
2025-01-08 13:47:38.393 [main] INFO  h.c.a.c.cache.logging.CacheLogger - CjdisServer initialized with config: hibiscus.cetide.app.component.cache.config.CacheConfig@141aba65
2025-01-08 13:47:38.394 [main] INFO  h.c.a.c.cache.logging.CacheLogger - CjdisServer initialized with config: hibiscus.cetide.app.component.cache.config.CacheConfig@6ef1c3f7
2025-01-08 13:47:38.395 [main] INFO  h.c.a.c.cache.logging.CacheLogger - CjdisServer initialized with config: hibiscus.cetide.app.component.cache.config.CacheConfig@45d389f2
2025-01-08 13:47:38.398 [main] INFO  h.c.a.c.c.m.CacheMonitorService - Cache monitoring started with interval: 5 SECONDS
2025-01-08 13:47:38.398 [main] INFO  h.c.a.c.c.m.CacheMonitorService - Cache monitoring started with interval: 5 SECONDS
2025-01-08 13:47:38.399 [main] INFO  h.c.a.c.c.m.CacheMonitorService - Cache monitoring started with interval: 5 SECONDS
2025-01-08 13:47:38.400 [main] INFO  h.c.app.config.CacheMonitorEndpoint - CacheMonitorEndpoint initialized with 3 cache(s)
2025-01-08 13:47:38.950 [main] INFO  h.c.a.c.signal.DefaultSignalManager - Signal state loaded successfully
2025-01-08 13:47:38.950 [main] INFO  h.c.a.c.signal.DefaultSignalManager - Signal manager initialized
2025-01-08 13:47:38.976 [main] INFO  h.c.app.core.service.UserService - 初始化管理员用户完成
2025-01-08 13:47:39.250 [main] INFO  org.reflections.Reflections - Reflections took 39 ms to scan 1 urls, producing 20 keys and 99 values
2025-01-08 13:47:39.252 [main] INFO  h.c.a.config.HelperAutoConfiguration -  ---------- Hibiscus Service is Starting ----------
2025-01-08 13:47:39.288 [Finalizer] WARN  i.l.c.r.DefaultClientResources - io.lettuce.core.resource.DefaultClientResources was not shut down properly, shutdown() was not called before it's garbage-collected. Call shutdown() or shutdown(long,long,TimeUnit) 
2025-01-08 13:47:39.362 [main] INFO  o.a.coyote.http11.Http11NioProtocol - Starting ProtocolHandler ["http-nio-8080"]
2025-01-08 13:47:39.370 [main] INFO  o.s.b.w.e.tomcat.TomcatWebServer - Tomcat started on port(s): 8080 (http) with context path ''
2025-01-08 13:47:39.375 [main] INFO  h.c.app.basic.aspect.SignalAspect - Initializing SignalManager...
2025-01-08 13:47:39.376 [main] INFO  h.c.a.c.signal.DefaultSignalManager - Signal state loaded successfully
2025-01-08 13:47:39.376 [main] INFO  h.c.a.c.signal.DefaultSignalManager - Signal manager initialized
2025-01-08 13:47:39.379 [main] INFO  h.c.app.basic.aspect.SignalAspect - Signal handlers initialized successfully
2025-01-08 13:47:39.381 [main] INFO  com.example.UserServiceApplication - Started UserServiceApplication in 2.592 seconds (JVM running for 2.971)
2025-01-08 13:47:44.118 [http-nio-8080-exec-1] INFO  o.a.c.c.C.[Tomcat].[localhost].[/] - Initializing Spring DispatcherServlet 'dispatcherServlet'
2025-01-08 13:47:44.118 [http-nio-8080-exec-1] INFO  o.s.web.servlet.DispatcherServlet - Initializing Servlet 'dispatcherServlet'
2025-01-08 13:47:44.119 [http-nio-8080-exec-1] INFO  o.s.web.servlet.DispatcherServlet - Completed initialization in 1 ms
2025-01-08 13:47:50.087 [http-nio-8080-exec-8] INFO  h.c.a.c.service.impl.AuthServiceImpl - 登录成功: username=admin
2025-01-08 13:47:50.420 [http-nio-8080-exec-10] INFO  h.c.a.c.s.HibiscusDatabaseAdminService - Successfully parsed database config:
2025-01-08 13:47:50.420 [http-nio-8080-exec-10] INFO  h.c.a.c.s.HibiscusDatabaseAdminService - URL: jdbc:mysql://localhost:3306/game_db?useSSL=false&serverTimezone=UTC&allowPublicKeyRetrieval=true
2025-01-08 13:47:50.420 [http-nio-8080-exec-10] INFO  h.c.a.c.s.HibiscusDatabaseAdminService - Host: localhost
2025-01-08 13:47:50.420 [http-nio-8080-exec-10] INFO  h.c.a.c.s.HibiscusDatabaseAdminService - Port: 3306
2025-01-08 13:47:50.420 [http-nio-8080-exec-10] INFO  h.c.a.c.s.HibiscusDatabaseAdminService - Database: game_db
2025-01-08 13:47:50.420 [http-nio-8080-exec-10] INFO  h.c.a.c.s.HibiscusDatabaseAdminService - Username: root
2025-01-08 13:48:38.376 [pool-14-thread-1] INFO  h.c.a.c.cache.monitor.CacheMonitor - Cache Stats - Hits: 0, Misses: 0, Evictions: 0, Hit Rate: 0.00%, Avg Load Time: 0.00 ms
2025-01-08 13:48:38.392 [pool-56-thread-1] INFO  h.c.a.c.cache.monitor.CacheMonitor - Cache Stats - Hits: 0, Misses: 0, Evictions: 0, Hit Rate: 0.00%, Avg Load Time: 0.00 ms
2025-01-08 13:48:38.392 [pool-42-thread-1] INFO  h.c.a.c.cache.monitor.CacheMonitor - Cache Stats - Hits: 0, Misses: 0, Evictions: 0, Hit Rate: 0.00%, Avg Load Time: 0.00 ms
2025-01-08 13:48:38.392 [pool-28-thread-1] INFO  h.c.a.c.cache.monitor.CacheMonitor - Cache Stats - Hits: 0, Misses: 0, Evictions: 0, Hit Rate: 0.00%, Avg Load Time: 0.00 ms
2025-01-08 13:48:38.408 [pool-84-thread-1] INFO  h.c.a.c.cache.monitor.CacheMonitor - Cache Stats - Hits: 0, Misses: 0, Evictions: 0, Hit Rate: 0.00%, Avg Load Time: 0.00 ms
2025-01-08 13:48:38.408 [pool-97-thread-1] INFO  h.c.a.c.cache.monitor.CacheMonitor - Cache Stats - Hits: 0, Misses: 0, Evictions: 0, Hit Rate: 0.00%, Avg Load Time: 0.00 ms
2025-01-08 13:48:38.408 [pool-71-thread-1] INFO  h.c.a.c.cache.monitor.CacheMonitor - Cache Stats - Hits: 0, Misses: 0, Evictions: 0, Hit Rate: 0.00%, Avg Load Time: 0.00 ms
2025-01-08 13:48:54.587 [SpringApplicationShutdownHook] INFO  h.c.a.config.HelperAutoConfiguration -  ---------- Hibiscus Service has been stopped ----------
2025-01-08 13:48:54.588 [SpringApplicationShutdownHook] WARN  o.s.b.f.s.DisposableBeanAdapter - Invocation of destroy method failed on bean with name 'hibiscusRedisFactory': java.lang.IllegalStateException: LettuceConnectionFactory was destroyed and cannot be used anymore
2025-01-08 13:48:54.588 [SpringApplicationShutdownHook] INFO  h.c.a.c.c.m.CacheMonitorService - Cache monitoring stopped
2025-01-08 13:48:54.588 [SpringApplicationShutdownHook] INFO  h.c.a.c.c.m.CacheMonitorService - Cache monitoring stopped
2025-01-08 13:48:54.588 [SpringApplicationShutdownHook] INFO  h.c.a.c.c.m.CacheMonitorService - Cache monitoring stopped
2025-01-08 13:48:54.588 [SpringApplicationShutdownHook] INFO  h.c.a.c.c.m.CacheMonitorService - Cache monitoring stopped
2025-01-08 13:48:54.589 [SpringApplicationShutdownHook] INFO  h.c.a.component.cache.HibiscusCache - Cache service shutdown completed
2025-01-08 13:48:54.589 [SpringApplicationShutdownHook] INFO  h.c.a.component.cache.HibiscusCache - Cache service shutdown completed
2025-01-08 13:48:54.589 [SpringApplicationShutdownHook] INFO  h.c.a.component.cache.HibiscusCache - Cache service shutdown completed
2025-01-08 13:48:54.589 [SpringApplicationShutdownHook] INFO  h.c.a.component.cache.HibiscusCache - Cache service shutdown completed
2025-01-08 13:48:54.589 [SpringApplicationShutdownHook] INFO  h.c.a.c.service.HibiscusCacheManager - HibiscusCacheManager shut down
2025-01-08 13:48:57.973 [main] INFO  com.example.UserServiceApplication - Starting UserServiceApplication using Java 21.0.5 on LAPTOP-VLB0GC6G with PID 21496 (D:\study_file\hibiscus-recite-test\target\classes started by Lenovo in D:\study_file\hibiscus-recite-test)
2025-01-08 13:48:57.975 [main] INFO  com.example.UserServiceApplication - No active profile set, falling back to 1 default profile: "default"
2025-01-08 13:48:58.456 [main] INFO  o.s.d.r.c.RepositoryConfigurationDelegate - Multiple Spring Data modules found, entering strict repository configuration mode!
2025-01-08 13:48:58.458 [main] INFO  o.s.d.r.c.RepositoryConfigurationDelegate - Bootstrapping Spring Data Redis repositories in DEFAULT mode.
2025-01-08 13:48:58.474 [main] INFO  o.s.d.r.c.RepositoryConfigurationDelegate - Finished Spring Data repository scanning in 8 ms. Found 0 Redis repository interfaces.
2025-01-08 13:48:58.959 [main] INFO  o.s.b.w.e.tomcat.TomcatWebServer - Tomcat initialized with port(s): 8080 (http)
2025-01-08 13:48:58.965 [main] INFO  o.a.coyote.http11.Http11NioProtocol - Initializing ProtocolHandler ["http-nio-8080"]
2025-01-08 13:48:58.966 [main] INFO  o.a.catalina.core.StandardService - Starting service [Tomcat]
2025-01-08 13:48:58.966 [main] INFO  o.a.catalina.core.StandardEngine - Starting Servlet engine: [Apache Tomcat/9.0.63]
2025-01-08 13:48:59.054 [main] INFO  o.a.c.c.C.[Tomcat].[localhost].[/] - Initializing Spring embedded WebApplicationContext
2025-01-08 13:48:59.054 [main] INFO  o.s.b.w.s.c.ServletWebServerApplicationContext - Root WebApplicationContext: initialization completed in 1053 ms
2025-01-08 13:48:59.215 [main] WARN  o.s.b.w.s.c.AnnotationConfigServletWebServerApplicationContext - Exception encountered during context initialization - cancelling refresh attempt: org.springframework.beans.factory.BeanCreationException: Error creating bean with name 'hibiscusApiTestAspect': Invocation of init method failed; nested exception is org.springframework.beans.factory.BeanCreationException: Error creating bean with name 'requestMappingHandlerMapping' defined in class path resource [org/springframework/boot/autoconfigure/web/servlet/WebMvcAutoConfiguration$EnableWebMvcConfiguration.class]: Invocation of init method failed; nested exception is java.lang.IllegalStateException: Ambiguous mapping. Cannot map 'userController' method 
com.example.controller.UserController#getUserById(Long)
to {GET [/api/users/{id}]}: There is already 'userController' bean method
com.example.controller.UserController#getProductBusiness(Long) mapped.
2025-01-08 13:48:59.216 [main] INFO  o.a.catalina.core.StandardService - Stopping service [Tomcat]
2025-01-08 13:48:59.225 [main] INFO  o.s.b.a.l.ConditionEvaluationReportLoggingListener - 

Error starting ApplicationContext. To display the conditions report re-run your application with 'debug' enabled.
2025-01-08 13:48:59.243 [main] ERROR o.s.boot.SpringApplication - Application run failed
org.springframework.beans.factory.BeanCreationException: Error creating bean with name 'hibiscusApiTestAspect': Invocation of init method failed; nested exception is org.springframework.beans.factory.BeanCreationException: Error creating bean with name 'requestMappingHandlerMapping' defined in class path resource [org/springframework/boot/autoconfigure/web/servlet/WebMvcAutoConfiguration$EnableWebMvcConfiguration.class]: Invocation of init method failed; nested exception is java.lang.IllegalStateException: Ambiguous mapping. Cannot map 'userController' method 
com.example.controller.UserController#getUserById(Long)
to {GET [/api/users/{id}]}: There is already 'userController' bean method
com.example.controller.UserController#getProductBusiness(Long) mapped.
	at org.springframework.beans.factory.annotation.InitDestroyAnnotationBeanPostProcessor.postProcessBeforeInitialization(InitDestroyAnnotationBeanPostProcessor.java:160)
	at org.springframework.beans.factory.support.AbstractAutowireCapableBeanFactory.applyBeanPostProcessorsBeforeInitialization(AbstractAutowireCapableBeanFactory.java:440)
	at org.springframework.beans.factory.support.AbstractAutowireCapableBeanFactory.initializeBean(AbstractAutowireCapableBeanFactory.java:1796)
	at org.springframework.beans.factory.support.AbstractAutowireCapableBeanFactory.doCreateBean(AbstractAutowireCapableBeanFactory.java:620)
	at org.springframework.beans.factory.support.AbstractAutowireCapableBeanFactory.createBean(AbstractAutowireCapableBeanFactory.java:542)
	at org.springframework.beans.factory.support.AbstractBeanFactory.lambda$doGetBean$0(AbstractBeanFactory.java:335)
	at org.springframework.beans.factory.support.DefaultSingletonBeanRegistry.getSingleton(DefaultSingletonBeanRegistry.java:234)
	at org.springframework.beans.factory.support.AbstractBeanFactory.doGetBean(AbstractBeanFactory.java:333)
	at org.springframework.beans.factory.support.AbstractBeanFactory.getBean(AbstractBeanFactory.java:208)
	at org.springframework.beans.factory.support.DefaultListableBeanFactory.preInstantiateSingletons(DefaultListableBeanFactory.java:953)
	at org.springframework.context.support.AbstractApplicationContext.finishBeanFactoryInitialization(AbstractApplicationContext.java:918)
	at org.springframework.context.support.AbstractApplicationContext.refresh(AbstractApplicationContext.java:583)
	at org.springframework.boot.web.servlet.context.ServletWebServerApplicationContext.refresh(ServletWebServerApplicationContext.java:147)
	at org.springframework.boot.SpringApplication.refresh(SpringApplication.java:734)
	at org.springframework.boot.SpringApplication.refreshContext(SpringApplication.java:408)
	at org.springframework.boot.SpringApplication.run(SpringApplication.java:308)
	at org.springframework.boot.SpringApplication.run(SpringApplication.java:1306)
	at org.springframework.boot.SpringApplication.run(SpringApplication.java:1295)
	at com.example.UserServiceApplication.main(UserServiceApplication.java:9)
Caused by: org.springframework.beans.factory.BeanCreationException: Error creating bean with name 'requestMappingHandlerMapping' defined in class path resource [org/springframework/boot/autoconfigure/web/servlet/WebMvcAutoConfiguration$EnableWebMvcConfiguration.class]: Invocation of init method failed; nested exception is java.lang.IllegalStateException: Ambiguous mapping. Cannot map 'userController' method 
com.example.controller.UserController#getUserById(Long)
to {GET [/api/users/{id}]}: There is already 'userController' bean method
com.example.controller.UserController#getProductBusiness(Long) mapped.
	at org.springframework.beans.factory.support.AbstractAutowireCapableBeanFactory.initializeBean(AbstractAutowireCapableBeanFactory.java:1804)
	at org.springframework.beans.factory.support.AbstractAutowireCapableBeanFactory.doCreateBean(AbstractAutowireCapableBeanFactory.java:620)
	at org.springframework.beans.factory.support.AbstractAutowireCapableBeanFactory.createBean(AbstractAutowireCapableBeanFactory.java:542)
	at org.springframework.beans.factory.support.AbstractBeanFactory.lambda$doGetBean$0(AbstractBeanFactory.java:335)
	at org.springframework.beans.factory.support.DefaultSingletonBeanRegistry.getSingleton(DefaultSingletonBeanRegistry.java:234)
	at org.springframework.beans.factory.support.AbstractBeanFactory.doGetBean(AbstractBeanFactory.java:333)
	at org.springframework.beans.factory.support.AbstractBeanFactory.getBean(AbstractBeanFactory.java:233)
	at org.springframework.beans.factory.support.DefaultListableBeanFactory.resolveNamedBean(DefaultListableBeanFactory.java:1282)
	at org.springframework.beans.factory.support.DefaultListableBeanFactory.resolveNamedBean(DefaultListableBeanFactory.java:1243)
	at org.springframework.beans.factory.support.DefaultListableBeanFactory.resolveBean(DefaultListableBeanFactory.java:494)
	at org.springframework.beans.factory.support.DefaultListableBeanFactory.getBean(DefaultListableBeanFactory.java:349)
	at org.springframework.beans.factory.support.DefaultListableBeanFactory.getBean(DefaultListableBeanFactory.java:342)
	at org.springframework.context.support.AbstractApplicationContext.getBean(AbstractApplicationContext.java:1172)
	at hibiscus.cetide.app.basic.aspect.HibiscusApiTestAspect.init(HibiscusApiTestAspect.java:33)
	at java.base/jdk.internal.reflect.DirectMethodHandleAccessor.invoke(DirectMethodHandleAccessor.java:103)
	at java.base/java.lang.reflect.Method.invoke(Method.java:580)
	at org.springframework.beans.factory.annotation.InitDestroyAnnotationBeanPostProcessor$LifecycleElement.invoke(InitDestroyAnnotationBeanPostProcessor.java:389)
	at org.springframework.beans.factory.annotation.InitDestroyAnnotationBeanPostProcessor$LifecycleMetadata.invokeInitMethods(InitDestroyAnnotationBeanPostProcessor.java:333)
	at org.springframework.beans.factory.annotation.InitDestroyAnnotationBeanPostProcessor.postProcessBeforeInitialization(InitDestroyAnnotationBeanPostProcessor.java:157)
	... 18 common frames omitted
Caused by: java.lang.IllegalStateException: Ambiguous mapping. Cannot map 'userController' method 
com.example.controller.UserController#getUserById(Long)
to {GET [/api/users/{id}]}: There is already 'userController' bean method
com.example.controller.UserController#getProductBusiness(Long) mapped.
	at org.springframework.web.servlet.handler.AbstractHandlerMethodMapping$MappingRegistry.validateMethodMapping(AbstractHandlerMethodMapping.java:669)
	at org.springframework.web.servlet.handler.AbstractHandlerMethodMapping$MappingRegistry.register(AbstractHandlerMethodMapping.java:635)
	at org.springframework.web.servlet.handler.AbstractHandlerMethodMapping.registerHandlerMethod(AbstractHandlerMethodMapping.java:332)
	at org.springframework.web.servlet.mvc.method.annotation.RequestMappingHandlerMapping.registerHandlerMethod(RequestMappingHandlerMapping.java:420)
	at org.springframework.web.servlet.mvc.method.annotation.RequestMappingHandlerMapping.registerHandlerMethod(RequestMappingHandlerMapping.java:76)
	at org.springframework.web.servlet.handler.AbstractHandlerMethodMapping.lambda$detectHandlerMethods$2(AbstractHandlerMethodMapping.java:299)
	at java.base/java.util.LinkedHashMap.forEach(LinkedHashMap.java:986)
	at org.springframework.web.servlet.handler.AbstractHandlerMethodMapping.detectHandlerMethods(AbstractHandlerMethodMapping.java:297)
	at org.springframework.web.servlet.handler.AbstractHandlerMethodMapping.processCandidateBean(AbstractHandlerMethodMapping.java:266)
	at org.springframework.web.servlet.handler.AbstractHandlerMethodMapping.initHandlerMethods(AbstractHandlerMethodMapping.java:225)
	at org.springframework.web.servlet.handler.AbstractHandlerMethodMapping.afterPropertiesSet(AbstractHandlerMethodMapping.java:213)
	at org.springframework.web.servlet.mvc.method.annotation.RequestMappingHandlerMapping.afterPropertiesSet(RequestMappingHandlerMapping.java:205)
	at org.springframework.beans.factory.support.AbstractAutowireCapableBeanFactory.invokeInitMethods(AbstractAutowireCapableBeanFactory.java:1863)
	at org.springframework.beans.factory.support.AbstractAutowireCapableBeanFactory.initializeBean(AbstractAutowireCapableBeanFactory.java:1800)
	... 36 common frames omitted
2025-01-08 13:49:36.677 [main] INFO  com.example.UserServiceApplication - Starting UserServiceApplication using Java 21.0.5 on LAPTOP-VLB0GC6G with PID 3136 (D:\study_file\hibiscus-recite-test\target\classes started by Lenovo in D:\study_file\hibiscus-recite-test)
2025-01-08 13:49:36.679 [main] INFO  com.example.UserServiceApplication - No active profile set, falling back to 1 default profile: "default"
2025-01-08 13:49:37.149 [main] INFO  o.s.d.r.c.RepositoryConfigurationDelegate - Multiple Spring Data modules found, entering strict repository configuration mode!
2025-01-08 13:49:37.151 [main] INFO  o.s.d.r.c.RepositoryConfigurationDelegate - Bootstrapping Spring Data Redis repositories in DEFAULT mode.
2025-01-08 13:49:37.167 [main] INFO  o.s.d.r.c.RepositoryConfigurationDelegate - Finished Spring Data repository scanning in 8 ms. Found 0 Redis repository interfaces.
2025-01-08 13:49:37.706 [main] INFO  o.s.b.w.e.tomcat.TomcatWebServer - Tomcat initialized with port(s): 8080 (http)
2025-01-08 13:49:37.715 [main] INFO  o.a.coyote.http11.Http11NioProtocol - Initializing ProtocolHandler ["http-nio-8080"]
2025-01-08 13:49:37.715 [main] INFO  o.a.catalina.core.StandardService - Starting service [Tomcat]
2025-01-08 13:49:37.715 [main] INFO  o.a.catalina.core.StandardEngine - Starting Servlet engine: [Apache Tomcat/9.0.63]
2025-01-08 13:49:37.806 [main] INFO  o.a.c.c.C.[Tomcat].[localhost].[/] - Initializing Spring embedded WebApplicationContext
2025-01-08 13:49:37.806 [main] INFO  o.s.b.w.s.c.ServletWebServerApplicationContext - Root WebApplicationContext: initialization completed in 1100 ms
2025-01-08 13:49:37.972 [main] WARN  o.s.b.w.s.c.AnnotationConfigServletWebServerApplicationContext - Exception encountered during context initialization - cancelling refresh attempt: org.springframework.beans.factory.BeanCreationException: Error creating bean with name 'hibiscusApiTestAspect': Invocation of init method failed; nested exception is org.springframework.beans.factory.BeanCreationException: Error creating bean with name 'requestMappingHandlerMapping' defined in class path resource [org/springframework/boot/autoconfigure/web/servlet/WebMvcAutoConfiguration$EnableWebMvcConfiguration.class]: Invocation of init method failed; nested exception is java.lang.IllegalStateException: Ambiguous mapping. Cannot map 'testUserController' method 
com.example.controller.TestUserController#getProductBusiness(Long)
to {GET [/api/users/{id}]}: There is already 'testUserController' bean method
com.example.controller.TestUserController#getUserById(Long) mapped.
2025-01-08 13:49:37.974 [main] INFO  o.a.catalina.core.StandardService - Stopping service [Tomcat]
2025-01-08 13:49:37.983 [main] INFO  o.s.b.a.l.ConditionEvaluationReportLoggingListener - 

Error starting ApplicationContext. To display the conditions report re-run your application with 'debug' enabled.
2025-01-08 13:49:37.995 [main] ERROR o.s.boot.SpringApplication - Application run failed
org.springframework.beans.factory.BeanCreationException: Error creating bean with name 'hibiscusApiTestAspect': Invocation of init method failed; nested exception is org.springframework.beans.factory.BeanCreationException: Error creating bean with name 'requestMappingHandlerMapping' defined in class path resource [org/springframework/boot/autoconfigure/web/servlet/WebMvcAutoConfiguration$EnableWebMvcConfiguration.class]: Invocation of init method failed; nested exception is java.lang.IllegalStateException: Ambiguous mapping. Cannot map 'testUserController' method 
com.example.controller.TestUserController#getProductBusiness(Long)
to {GET [/api/users/{id}]}: There is already 'testUserController' bean method
com.example.controller.TestUserController#getUserById(Long) mapped.
	at org.springframework.beans.factory.annotation.InitDestroyAnnotationBeanPostProcessor.postProcessBeforeInitialization(InitDestroyAnnotationBeanPostProcessor.java:160)
	at org.springframework.beans.factory.support.AbstractAutowireCapableBeanFactory.applyBeanPostProcessorsBeforeInitialization(AbstractAutowireCapableBeanFactory.java:440)
	at org.springframework.beans.factory.support.AbstractAutowireCapableBeanFactory.initializeBean(AbstractAutowireCapableBeanFactory.java:1796)
	at org.springframework.beans.factory.support.AbstractAutowireCapableBeanFactory.doCreateBean(AbstractAutowireCapableBeanFactory.java:620)
	at org.springframework.beans.factory.support.AbstractAutowireCapableBeanFactory.createBean(AbstractAutowireCapableBeanFactory.java:542)
	at org.springframework.beans.factory.support.AbstractBeanFactory.lambda$doGetBean$0(AbstractBeanFactory.java:335)
	at org.springframework.beans.factory.support.DefaultSingletonBeanRegistry.getSingleton(DefaultSingletonBeanRegistry.java:234)
	at org.springframework.beans.factory.support.AbstractBeanFactory.doGetBean(AbstractBeanFactory.java:333)
	at org.springframework.beans.factory.support.AbstractBeanFactory.getBean(AbstractBeanFactory.java:208)
	at org.springframework.beans.factory.support.DefaultListableBeanFactory.preInstantiateSingletons(DefaultListableBeanFactory.java:953)
	at org.springframework.context.support.AbstractApplicationContext.finishBeanFactoryInitialization(AbstractApplicationContext.java:918)
	at org.springframework.context.support.AbstractApplicationContext.refresh(AbstractApplicationContext.java:583)
	at org.springframework.boot.web.servlet.context.ServletWebServerApplicationContext.refresh(ServletWebServerApplicationContext.java:147)
	at org.springframework.boot.SpringApplication.refresh(SpringApplication.java:734)
	at org.springframework.boot.SpringApplication.refreshContext(SpringApplication.java:408)
	at org.springframework.boot.SpringApplication.run(SpringApplication.java:308)
	at org.springframework.boot.SpringApplication.run(SpringApplication.java:1306)
	at org.springframework.boot.SpringApplication.run(SpringApplication.java:1295)
	at com.example.UserServiceApplication.main(UserServiceApplication.java:9)
Caused by: org.springframework.beans.factory.BeanCreationException: Error creating bean with name 'requestMappingHandlerMapping' defined in class path resource [org/springframework/boot/autoconfigure/web/servlet/WebMvcAutoConfiguration$EnableWebMvcConfiguration.class]: Invocation of init method failed; nested exception is java.lang.IllegalStateException: Ambiguous mapping. Cannot map 'testUserController' method 
com.example.controller.TestUserController#getProductBusiness(Long)
to {GET [/api/users/{id}]}: There is already 'testUserController' bean method
com.example.controller.TestUserController#getUserById(Long) mapped.
	at org.springframework.beans.factory.support.AbstractAutowireCapableBeanFactory.initializeBean(AbstractAutowireCapableBeanFactory.java:1804)
	at org.springframework.beans.factory.support.AbstractAutowireCapableBeanFactory.doCreateBean(AbstractAutowireCapableBeanFactory.java:620)
	at org.springframework.beans.factory.support.AbstractAutowireCapableBeanFactory.createBean(AbstractAutowireCapableBeanFactory.java:542)
	at org.springframework.beans.factory.support.AbstractBeanFactory.lambda$doGetBean$0(AbstractBeanFactory.java:335)
	at org.springframework.beans.factory.support.DefaultSingletonBeanRegistry.getSingleton(DefaultSingletonBeanRegistry.java:234)
	at org.springframework.beans.factory.support.AbstractBeanFactory.doGetBean(AbstractBeanFactory.java:333)
	at org.springframework.beans.factory.support.AbstractBeanFactory.getBean(AbstractBeanFactory.java:233)
	at org.springframework.beans.factory.support.DefaultListableBeanFactory.resolveNamedBean(DefaultListableBeanFactory.java:1282)
	at org.springframework.beans.factory.support.DefaultListableBeanFactory.resolveNamedBean(DefaultListableBeanFactory.java:1243)
	at org.springframework.beans.factory.support.DefaultListableBeanFactory.resolveBean(DefaultListableBeanFactory.java:494)
	at org.springframework.beans.factory.support.DefaultListableBeanFactory.getBean(DefaultListableBeanFactory.java:349)
	at org.springframework.beans.factory.support.DefaultListableBeanFactory.getBean(DefaultListableBeanFactory.java:342)
	at org.springframework.context.support.AbstractApplicationContext.getBean(AbstractApplicationContext.java:1172)
	at hibiscus.cetide.app.basic.aspect.HibiscusApiTestAspect.init(HibiscusApiTestAspect.java:33)
	at java.base/jdk.internal.reflect.DirectMethodHandleAccessor.invoke(DirectMethodHandleAccessor.java:103)
	at java.base/java.lang.reflect.Method.invoke(Method.java:580)
	at org.springframework.beans.factory.annotation.InitDestroyAnnotationBeanPostProcessor$LifecycleElement.invoke(InitDestroyAnnotationBeanPostProcessor.java:389)
	at org.springframework.beans.factory.annotation.InitDestroyAnnotationBeanPostProcessor$LifecycleMetadata.invokeInitMethods(InitDestroyAnnotationBeanPostProcessor.java:333)
	at org.springframework.beans.factory.annotation.InitDestroyAnnotationBeanPostProcessor.postProcessBeforeInitialization(InitDestroyAnnotationBeanPostProcessor.java:157)
	... 18 common frames omitted
Caused by: java.lang.IllegalStateException: Ambiguous mapping. Cannot map 'testUserController' method 
com.example.controller.TestUserController#getProductBusiness(Long)
to {GET [/api/users/{id}]}: There is already 'testUserController' bean method
com.example.controller.TestUserController#getUserById(Long) mapped.
	at org.springframework.web.servlet.handler.AbstractHandlerMethodMapping$MappingRegistry.validateMethodMapping(AbstractHandlerMethodMapping.java:669)
	at org.springframework.web.servlet.handler.AbstractHandlerMethodMapping$MappingRegistry.register(AbstractHandlerMethodMapping.java:635)
	at org.springframework.web.servlet.handler.AbstractHandlerMethodMapping.registerHandlerMethod(AbstractHandlerMethodMapping.java:332)
	at org.springframework.web.servlet.mvc.method.annotation.RequestMappingHandlerMapping.registerHandlerMethod(RequestMappingHandlerMapping.java:420)
	at org.springframework.web.servlet.mvc.method.annotation.RequestMappingHandlerMapping.registerHandlerMethod(RequestMappingHandlerMapping.java:76)
	at org.springframework.web.servlet.handler.AbstractHandlerMethodMapping.lambda$detectHandlerMethods$2(AbstractHandlerMethodMapping.java:299)
	at java.base/java.util.LinkedHashMap.forEach(LinkedHashMap.java:986)
	at org.springframework.web.servlet.handler.AbstractHandlerMethodMapping.detectHandlerMethods(AbstractHandlerMethodMapping.java:297)
	at org.springframework.web.servlet.handler.AbstractHandlerMethodMapping.processCandidateBean(AbstractHandlerMethodMapping.java:266)
	at org.springframework.web.servlet.handler.AbstractHandlerMethodMapping.initHandlerMethods(AbstractHandlerMethodMapping.java:225)
	at org.springframework.web.servlet.handler.AbstractHandlerMethodMapping.afterPropertiesSet(AbstractHandlerMethodMapping.java:213)
	at org.springframework.web.servlet.mvc.method.annotation.RequestMappingHandlerMapping.afterPropertiesSet(RequestMappingHandlerMapping.java:205)
	at org.springframework.beans.factory.support.AbstractAutowireCapableBeanFactory.invokeInitMethods(AbstractAutowireCapableBeanFactory.java:1863)
	at org.springframework.beans.factory.support.AbstractAutowireCapableBeanFactory.initializeBean(AbstractAutowireCapableBeanFactory.java:1800)
	... 36 common frames omitted
2025-01-08 13:50:12.617 [main] INFO  com.example.UserServiceApplication - Starting UserServiceApplication using Java 21.0.5 on LAPTOP-VLB0GC6G with PID 23152 (D:\study_file\hibiscus-recite-test\target\classes started by Lenovo in D:\study_file\hibiscus-recite-test)
2025-01-08 13:50:12.619 [main] INFO  com.example.UserServiceApplication - No active profile set, falling back to 1 default profile: "default"
2025-01-08 13:50:13.107 [main] INFO  o.s.d.r.c.RepositoryConfigurationDelegate - Multiple Spring Data modules found, entering strict repository configuration mode!
2025-01-08 13:50:13.108 [main] INFO  o.s.d.r.c.RepositoryConfigurationDelegate - Bootstrapping Spring Data Redis repositories in DEFAULT mode.
2025-01-08 13:50:13.129 [main] INFO  o.s.d.r.c.RepositoryConfigurationDelegate - Finished Spring Data repository scanning in 12 ms. Found 0 Redis repository interfaces.
2025-01-08 13:50:13.655 [main] INFO  o.s.b.w.e.tomcat.TomcatWebServer - Tomcat initialized with port(s): 8080 (http)
2025-01-08 13:50:13.661 [main] INFO  o.a.coyote.http11.Http11NioProtocol - Initializing ProtocolHandler ["http-nio-8080"]
2025-01-08 13:50:13.661 [main] INFO  o.a.catalina.core.StandardService - Starting service [Tomcat]
2025-01-08 13:50:13.661 [main] INFO  o.a.catalina.core.StandardEngine - Starting Servlet engine: [Apache Tomcat/9.0.63]
2025-01-08 13:50:13.753 [main] INFO  o.a.c.c.C.[Tomcat].[localhost].[/] - Initializing Spring embedded WebApplicationContext
2025-01-08 13:50:13.754 [main] INFO  o.s.b.w.s.c.ServletWebServerApplicationContext - Root WebApplicationContext: initialization completed in 1107 ms
2025-01-08 13:50:13.998 [main] INFO  h.c.a.c.cache.logging.CacheLogger - CjdisServer initialized with config: hibiscus.cetide.app.component.cache.config.CacheConfig@2fac80a8
2025-01-08 13:50:13.999 [main] INFO  h.c.a.c.c.m.CacheMonitorService - Cache monitoring started with interval: 5 SECONDS
2025-01-08 13:50:14.000 [main] INFO  h.c.a.c.service.HibiscusCacheManager - Created new cache instance: default
2025-01-08 13:50:14.000 [main] INFO  h.c.a.c.service.HibiscusCacheManager - HibiscusCacheManager initialized with default cache instance
2025-01-08 13:50:14.007 [main] INFO  h.c.a.c.cache.logging.CacheLogger - CjdisServer initialized with config: hibiscus.cetide.app.component.cache.config.CacheConfig@6c6c2a73
2025-01-08 13:50:14.008 [main] INFO  h.c.a.c.c.m.CacheMonitorService - Cache monitoring started with interval: 5 SECONDS
2025-01-08 13:50:14.008 [main] INFO  h.c.a.c.service.HibiscusCacheManager - Created new cache instance: config_cache
2025-01-08 13:50:14.010 [main] INFO  h.c.a.c.cache.logging.CacheLogger - CjdisServer initialized with config: hibiscus.cetide.app.component.cache.config.CacheConfig@384472bf
2025-01-08 13:50:14.010 [main] INFO  h.c.a.c.c.m.CacheMonitorService - Cache monitoring started with interval: 5 SECONDS
2025-01-08 13:50:14.010 [main] INFO  h.c.a.c.service.HibiscusCacheManager - Created new cache instance: product_cache
2025-01-08 13:50:14.011 [main] INFO  h.c.a.c.cache.logging.CacheLogger - CjdisServer initialized with config: hibiscus.cetide.app.component.cache.config.CacheConfig@38bc5ac0
2025-01-08 13:50:14.012 [main] INFO  h.c.a.c.c.m.CacheMonitorService - Cache monitoring started with interval: 5 SECONDS
2025-01-08 13:50:14.012 [main] INFO  h.c.a.c.service.HibiscusCacheManager - Created new cache instance: user_cache
2025-01-08 13:50:14.022 [main] INFO  h.c.a.c.cache.logging.CacheLogger - CjdisServer initialized with config: hibiscus.cetide.app.component.cache.config.CacheConfig@98637a2
2025-01-08 13:50:14.023 [main] INFO  h.c.a.c.cache.logging.CacheLogger - CjdisServer initialized with config: hibiscus.cetide.app.component.cache.config.CacheConfig@7e2bd5e6
2025-01-08 13:50:14.030 [main] INFO  h.c.a.c.cache.logging.CacheLogger - CjdisServer initialized with config: hibiscus.cetide.app.component.cache.config.CacheConfig@340c5fb6
2025-01-08 13:50:14.034 [main] INFO  h.c.a.c.c.m.CacheMonitorService - Cache monitoring started with interval: 5 SECONDS
2025-01-08 13:50:14.034 [main] INFO  h.c.a.c.c.m.CacheMonitorService - Cache monitoring started with interval: 5 SECONDS
2025-01-08 13:50:14.034 [main] INFO  h.c.a.c.c.m.CacheMonitorService - Cache monitoring started with interval: 5 SECONDS
2025-01-08 13:50:14.035 [main] INFO  h.c.app.config.CacheMonitorEndpoint - CacheMonitorEndpoint initialized with 3 cache(s)
2025-01-08 13:50:14.274 [Finalizer] WARN  i.l.c.r.DefaultClientResources - io.lettuce.core.resource.DefaultClientResources was not shut down properly, shutdown() was not called before it's garbage-collected. Call shutdown() or shutdown(long,long,TimeUnit) 
2025-01-08 13:50:14.617 [main] INFO  h.c.a.c.signal.DefaultSignalManager - Signal state loaded successfully
2025-01-08 13:50:14.617 [main] INFO  h.c.a.c.signal.DefaultSignalManager - Signal manager initialized
2025-01-08 13:50:14.655 [main] INFO  h.c.app.core.service.UserService - 初始化管理员用户完成
2025-01-08 13:50:14.941 [main] INFO  org.reflections.Reflections - Reflections took 37 ms to scan 1 urls, producing 20 keys and 99 values
2025-01-08 13:50:14.944 [main] INFO  h.c.a.config.HelperAutoConfiguration -  ---------- Hibiscus Service is Starting ----------
2025-01-08 13:50:15.057 [main] INFO  o.a.coyote.http11.Http11NioProtocol - Starting ProtocolHandler ["http-nio-8080"]
2025-01-08 13:50:15.065 [main] INFO  o.s.b.w.e.tomcat.TomcatWebServer - Tomcat started on port(s): 8080 (http) with context path ''
2025-01-08 13:50:15.070 [main] INFO  h.c.app.basic.aspect.SignalAspect - Initializing SignalManager...
2025-01-08 13:50:15.070 [main] INFO  h.c.a.c.signal.DefaultSignalManager - Signal state loaded successfully
2025-01-08 13:50:15.070 [main] INFO  h.c.a.c.signal.DefaultSignalManager - Signal manager initialized
2025-01-08 13:50:15.074 [main] INFO  h.c.app.basic.aspect.SignalAspect - Signal handlers initialized successfully
2025-01-08 13:50:15.075 [main] INFO  com.example.UserServiceApplication - Started UserServiceApplication in 2.738 seconds (JVM running for 3.141)
2025-01-08 13:50:31.193 [http-nio-8080-exec-1] INFO  o.a.c.c.C.[Tomcat].[localhost].[/] - Initializing Spring DispatcherServlet 'dispatcherServlet'
2025-01-08 13:50:31.194 [http-nio-8080-exec-1] INFO  o.s.web.servlet.DispatcherServlet - Initializing Servlet 'dispatcherServlet'
2025-01-08 13:50:31.196 [http-nio-8080-exec-1] INFO  o.s.web.servlet.DispatcherServlet - Completed initialization in 2 ms
2025-01-08 13:50:44.165 [SpringApplicationShutdownHook] INFO  h.c.a.config.HelperAutoConfiguration -  ---------- Hibiscus Service has been stopped ----------
2025-01-08 13:50:44.165 [SpringApplicationShutdownHook] WARN  o.s.b.f.s.DisposableBeanAdapter - Invocation of destroy method failed on bean with name 'hibiscusRedisFactory': java.lang.IllegalStateException: LettuceConnectionFactory was destroyed and cannot be used anymore
2025-01-08 13:50:44.166 [SpringApplicationShutdownHook] INFO  h.c.a.c.c.m.CacheMonitorService - Cache monitoring stopped
2025-01-08 13:50:44.166 [SpringApplicationShutdownHook] INFO  h.c.a.c.c.m.CacheMonitorService - Cache monitoring stopped
2025-01-08 13:50:44.166 [SpringApplicationShutdownHook] INFO  h.c.a.c.c.m.CacheMonitorService - Cache monitoring stopped
2025-01-08 13:50:44.166 [SpringApplicationShutdownHook] INFO  h.c.a.c.c.m.CacheMonitorService - Cache monitoring stopped
2025-01-08 13:50:44.166 [SpringApplicationShutdownHook] INFO  h.c.a.component.cache.HibiscusCache - Cache service shutdown completed
2025-01-08 13:50:44.166 [SpringApplicationShutdownHook] INFO  h.c.a.component.cache.HibiscusCache - Cache service shutdown completed
2025-01-08 13:50:44.166 [SpringApplicationShutdownHook] INFO  h.c.a.component.cache.HibiscusCache - Cache service shutdown completed
2025-01-08 13:50:44.166 [SpringApplicationShutdownHook] INFO  h.c.a.component.cache.HibiscusCache - Cache service shutdown completed
2025-01-08 13:50:44.166 [SpringApplicationShutdownHook] INFO  h.c.a.c.service.HibiscusCacheManager - HibiscusCacheManager shut down
